<?xml version="1.0" encoding="UTF-8"?>
<!-- Generated by org.testng.reporters.JUnitReportReporter -->
<testsuite hostname="Mina-William-PC" failures="0" tests="1" name="com.tests.LandingPageTests" time="15.477" errors="0" timestamp="04 Aug 2021 18:08:34 GMT" skipped="0">
  <testcase classname="com.tests.LandingPageTests" name="NX101_verifyMyAccountButtonFunctionality" time="15.477"/>
</testsuite> <!-- com.tests.LandingPageTests -->
