<?xml version="1.0" encoding="UTF-8"?>
<!-- Generated by org.testng.reporters.JUnitReportReporter -->
<testsuite hostname="Mina-William-PC" failures="0" tests="1" name="com.pages.LandingPage" time="13.825" errors="0" timestamp="04 Aug 2021 17:43:49 GMT" skipped="0">
  <testcase classname="com.pages.LandingPage" name="NX101_verifyMyAccountButtonFunctionality" time="13.825"/>
</testsuite> <!-- com.pages.LandingPage -->
