<?xml version="1.0" encoding="UTF-8"?>
<!-- Generated by org.testng.reporters.JUnitReportReporter -->
<testsuite hostname="Mina-William-PC" failures="0" tests="1" name="com.pagesTests.SearchResultsPageTests" time="8.612" errors="0" timestamp="11 Aug 2021 18:09:07 GMT" skipped="0">
  <testcase classname="com.pagesTests.SearchResultsPageTests" name="verifySearchedDataDisplaysRelatedResults" time="8.612"/>
</testsuite> <!-- com.pagesTests.SearchResultsPageTests -->
